<?xml version="1.0" encoding="UTF-8"?>
<!-- Generated by org.testng.reporters.JUnitReportReporter -->
<testsuite hostname="BDC6-DX-6FR5NK2" name="selenium_testng2.test1" tests="1" failures="0" timestamp="27 Aug 2019 09:33:39 GMT" time="21.017" errors="0">
  <testcase name="openapplication" time="21.017" classname="selenium_testng2.test1"/>
</testsuite> <!-- selenium_testng2.test1 -->
