<?xml version="1.0" encoding="UTF-8"?>
<!-- Generated by org.testng.reporters.JUnitReportReporter -->
<testsuite hostname="BDC6-DX-6FR5NK2" name="selenium_testng2.Selenium_code3" tests="1" failures="0" timestamp="28 Aug 2019 06:25:39 GMT" time="2.311" errors="0">
  <testcase name="openapplication" time="2.311" classname="selenium_testng2.Selenium_code3"/>
</testsuite> <!-- selenium_testng2.Selenium_code3 -->
