<?xml version="1.0" encoding="UTF-8"?>
<!-- Generated by org.testng.reporters.JUnitReportReporter -->
<testsuite hostname="BDC6-DX-6FR5NK2" name="selenium_testng2.driver1" tests="1" failures="0" timestamp="27 Aug 2019 10:39:20 GMT" time="3.529" errors="0">
  <testcase name="openapplication" time="3.529" classname="selenium_testng2.driver1"/>
</testsuite> <!-- selenium_testng2.driver1 -->
