<?xml version="1.0" encoding="UTF-8"?>
<!-- Generated by org.testng.reporters.JUnitReportReporter -->
<testsuite hostname="BDC6-DX-6FR5NK2" name="selenium_testng2.chrome_selenium" tests="1" failures="0" timestamp="27 Aug 2019 09:49:12 GMT" time="21.844" errors="0">
  <testcase name="openapplication" time="21.844" classname="selenium_testng2.chrome_selenium"/>
</testsuite> <!-- selenium_testng2.chrome_selenium -->
