<?xml version="1.0" encoding="UTF-8"?>
<!-- Generated by org.testng.reporters.JUnitReportReporter -->
<testsuite hostname="BDC6-DX-6FR5NK2" name="selenium_testng2.Write_Excel_Sel" tests="1" failures="0" timestamp="29 Aug 2019 04:51:11 GMT" time="1.138" errors="0">
  <testcase name="write_Excel" time="1.138" classname="selenium_testng2.Write_Excel_Sel"/>
</testsuite> <!-- selenium_testng2.Write_Excel_Sel -->
