<?xml version="1.0" encoding="UTF-8"?>
<!-- Generated by org.testng.reporters.JUnitReportReporter -->
<testsuite hostname="BDC6-DX-6FR5NK2" name="selenium_testng2.Excel_selenium" tests="1" failures="0" timestamp="28 Aug 2019 10:50:45 GMT" time="0.629" errors="0">
  <testcase name="excel_sel" time="0.629" classname="selenium_testng2.Excel_selenium"/>
</testsuite> <!-- selenium_testng2.Excel_selenium -->
