<?xml version="1.0" encoding="UTF-8"?>
<!-- Generated by org.testng.reporters.JUnitReportReporter -->
<testsuite hostname="BDC6-DX-6FR5NK2" name="selenium_testng2.Login_Excel" tests="1" failures="0" timestamp="30 Aug 2019 03:41:40 GMT" time="8.781" errors="0">
  <testcase name="openapplication" time="8.781" classname="selenium_testng2.Login_Excel"/>
</testsuite> <!-- selenium_testng2.Login_Excel -->
