<?xml version="1.0" encoding="UTF-8"?>
<!-- Generated by org.testng.reporters.JUnitReportReporter -->
<testsuite hostname="BDC6-DX-6FR5NK2" name="selenium_testng2.Summer_wear_sel" tests="1" failures="0" timestamp="28 Aug 2019 10:08:36 GMT" time="3.334" errors="0">
  <testcase name="action_aboutus" time="3.334" classname="selenium_testng2.Summer_wear_sel"/>
</testsuite> <!-- selenium_testng2.Summer_wear_sel -->
