<?xml version="1.0" encoding="UTF-8"?>
<!-- Generated by org.testng.reporters.JUnitReportReporter -->
<testsuite hostname="BDC6-DX-6FR5NK2" name="selenium_testng2.sel_code1" tests="2" failures="0" timestamp="28 Aug 2019 11:27:10 GMT" time="5.164" errors="0">
  <testcase name="openapplication" time="4.437" classname="selenium_testng2.sel_code1"/>
  <testcase name="openapplication" time="0.727" classname="selenium_testng2.sel_code1"/>
</testsuite> <!-- selenium_testng2.sel_code1 -->
