<?xml version="1.0" encoding="UTF-8"?>
<!-- Generated by org.testng.reporters.JUnitReportReporter -->
<testsuite hostname="BDC6-DX-6FR5NK2" name="selenium_testng2.Reg_Selenium" tests="1" failures="0" timestamp="29 Aug 2019 09:37:14 GMT" time="4.712" errors="0">
  <testcase name="user_registration" time="4.712" classname="selenium_testng2.Reg_Selenium"/>
</testsuite> <!-- selenium_testng2.Reg_Selenium -->
