<?xml version="1.0" encoding="UTF-8"?>
<!-- Generated by org.testng.reporters.JUnitReportReporter -->
<testsuite hostname="BDC6-DX-6FR5NK2" name="selenium_testng2.Wait_Selenium" tests="1" failures="0" timestamp="28 Aug 2019 06:39:33 GMT" time="4.126" errors="0">
  <testcase name="openapplication" time="4.126" classname="selenium_testng2.Wait_Selenium"/>
</testsuite> <!-- selenium_testng2.Wait_Selenium -->
